Log file open, 10/12/18 09:13:53
LogWindows: Failed to load 'aqProf.dll' (GetLastError=126)
LogWindows: File 'aqProf.dll' does not exist
LogWindows: Failed to load 'VtuneApi.dll' (GetLastError=126)
LogWindows: File 'VtuneApi.dll' does not exist
LogWindows: Failed to load 'VtuneApi32e.dll' (GetLastError=126)
LogWindows: File 'VtuneApi32e.dll' does not exist
LogInit: Display: Running engine for game: TpsGame
LogPlatformFile: Not using cached read wrapper
LogTaskGraph: Started task graph with 5 named threads and 23 total threads with 3 sets of task threads.
LogStats: Stats thread started at 0.881300
LogD3D11RHI: Loaded GFSDK_Aftermath_Lib.x64.dll
LogICUInternationalization: Display: ICU TimeZone Detection - Raw Offset: -8:00, Platform Override: ''
LogPluginManager: Mounting plugin Paper2D
LogPluginManager: Mounting plugin AISupport
LogPluginManager: Mounting plugin LightPropagationVolume
LogPluginManager: Mounting plugin CLionSourceCodeAccess
LogPluginManager: Mounting plugin CodeLiteSourceCodeAccess
LogPluginManager: Mounting plugin GitSourceControl
LogPluginManager: Mounting plugin KDevelopSourceCodeAccess
LogPluginManager: Mounting plugin NullSourceCodeAccess
LogPluginManager: Mounting plugin PerforceSourceControl
LogPluginManager: Mounting plugin SubversionSourceControl
LogPluginManager: Mounting plugin UObjectPlugin
LogPluginManager: Mounting plugin VisualStudioCodeSourceCodeAccess
LogPluginManager: Mounting plugin VisualStudioSourceCodeAccess
LogPluginManager: Mounting plugin XCodeSourceCodeAccess
LogPluginManager: Mounting plugin AssetManagerEditor
LogPluginManager: Mounting plugin CryptoKeys
LogPluginManager: Mounting plugin DataValidation
LogPluginManager: Mounting plugin FacialAnimation
LogPluginManager: Mounting plugin GameplayTagsEditor
LogPluginManager: Mounting plugin MacGraphicsSwitching
LogPluginManager: Mounting plugin MeshEditor
LogPluginManager: Mounting plugin MobileLauncherProfileWizard
LogPluginManager: Mounting plugin PluginBrowser
LogPluginManager: Mounting plugin SpeedTreeImporter
LogPluginManager: Mounting plugin DatasmithContent
LogPluginManager: Mounting plugin AlembicImporter
LogPluginManager: Mounting plugin AppleImageUtils
LogPluginManager: Mounting plugin AppleVision
LogPluginManager: Mounting plugin BackChannel
LogPluginManager: Mounting plugin CharacterAI
LogPluginManager: Mounting plugin GeometryCache
LogPluginManager: Mounting plugin HTML5Networking
LogPluginManager: Mounting plugin ProxyLODPlugin
LogPluginManager: Mounting plugin MagicLeap
LogPluginManager: Mounting plugin MagicLeapEmulator
LogPluginManager: Mounting plugin MagicLeapMedia
LogPluginManager: Mounting plugin AndroidMedia
LogPluginManager: Mounting plugin AvfMedia
LogPluginManager: Mounting plugin ImgMedia
LogPluginManager: Mounting plugin LinearTimecode
LogPluginManager: Mounting plugin MediaCompositing
LogPluginManager: Mounting plugin MediaPlayerEditor
LogPluginManager: Mounting plugin WmfMedia
LogPluginManager: Mounting plugin TcpMessaging
LogPluginManager: Mounting plugin UdpMessaging
LogPluginManager: Mounting plugin ActorSequence
LogPluginManager: Mounting plugin LevelSequenceEditor
LogPluginManager: Mounting plugin MatineeToLevelSequence
LogPluginManager: Mounting plugin NetcodeUnitTest
LogPluginManager: Mounting plugin NUTUnrealEngine4
LogPluginManager: Mounting plugin OnlineSubsystemGooglePlay
LogPluginManager: Mounting plugin OnlineSubsystemIOS
LogPluginManager: Mounting plugin OnlineSubsystem
LogPluginManager: Mounting plugin OnlineSubsystemNull
LogPluginManager: Mounting plugin OnlineSubsystemUtils
LogPluginManager: Mounting plugin LauncherChunkInstaller
LogPluginManager: Mounting plugin AndroidDeviceProfileSelector
LogPluginManager: Mounting plugin AndroidMoviePlayer
LogPluginManager: Mounting plugin AndroidPermission
LogPluginManager: Mounting plugin AppleMoviePlayer
LogPluginManager: Mounting plugin ArchVisCharacter
LogPluginManager: Mounting plugin AudioCapture
LogPluginManager: Mounting plugin CableComponent
LogPluginManager: Mounting plugin CustomMeshComponent
LogPluginManager: Mounting plugin EditableMesh
LogPluginManager: Mounting plugin ExampleDeviceProfileSelector
LogPluginManager: Mounting plugin GoogleCloudMessaging
LogPluginManager: Mounting plugin ImmediatePhysics
LogPluginManager: Mounting plugin IOSDeviceProfileSelector
LogPluginManager: Mounting plugin LinuxDeviceProfileSelector
LogPluginManager: Mounting plugin LocationServicesBPLibrary
LogPluginManager: Mounting plugin MobilePatchingUtils
LogPluginManager: Mounting plugin OculusVR
LogPluginManager: Plugin shader directory ../../../Engine/Plugins/Runtime/Oculus/OculusVR/Shaders found
LogPluginManager: Mapping shader source directory ../../../Engine/Plugins/Runtime/Oculus/OculusVR/Shaders to virtual directory /Plugin/OculusVR
LogPluginManager: Mounting plugin PhysXVehicles
LogPluginManager: Mounting plugin ProceduralMeshComponent
LogPluginManager: Mounting plugin RuntimePhysXCooking
LogPluginManager: Mounting plugin SteamVR
LogPluginManager: Mounting plugin WindowsMoviePlayer
LogStreaming: Display: Took  0.081s to configure plugins.
LogInit: Using libcurl 7.55.1-DEV
LogInit:  - built for x86_64-pc-win32
LogInit:  - supports SSL with OpenSSL/1.0.2h
LogInit:  - supports HTTP deflate (compression) using libz 1.2.8
LogInit:  - other features:
LogInit:      CURL_VERSION_SSL
LogInit:      CURL_VERSION_LIBZ
LogInit:      CURL_VERSION_IPV6
LogInit:      CURL_VERSION_ASYNCHDNS
LogInit:      CURL_VERSION_LARGEFILE
LogInit:      CURL_VERSION_IDN
LogInit:  CurlRequestOptions (configurable via config and command line):
LogInit:  - bVerifyPeer = false  - Libcurl will NOT verify peer certificate
LogInit:  - bUseHttpProxy = false  - Libcurl will NOT use HTTP proxy
LogInit:  - bDontReuseConnections = false  - Libcurl will reuse connections
LogInit:  - CertBundlePath = nullptr  - Libcurl will use whatever was configured at build time.
LogInit:  - MaxHostConnections = 16  - Libcurl will limit the number of connections to a host
LogInit:  - LocalHostAddr = Default
LogInit:  - BufferSize = 65536
LogInit: WinSock: version 1.1 (2.2), MaxSocks=32767, MaxUdp=65467
LogInit: Build: ++UE4+Release-4.20-CL-4233996
LogInit: Engine Version: 4.20.1-4233996+++UE4+Release-4.20
LogInit: Compatible Engine Version: 4.20.0-4212847+++UE4+Release-4.20
LogInit: Net CL: 4212847
LogInit: OS: Windows 10 (), CPU: Intel(R) Core(TM) i7-6700 CPU @ 3.40GHz, GPU: AMD FirePro W4100
LogInit: Compiled (64-bit): Jul 26 2018 10:07:30
LogInit: Compiled with Visual C++: 19.13.26129.00
LogInit: Build Configuration: Development
LogInit: Branch Name: ++UE4+Release-4.20
LogInit: Command Line: 
LogInit: Base Directory: C:/Program Files/Epic Games/UE_4.20/Engine/Binaries/Win64/
LogInit: Installed Engine Build: 1
LogDevObjectVersion: Number of dev versions registered: 20
LogDevObjectVersion:   Dev-Blueprints (B0D832E4-1F89-4F0D-ACCF-7EB736FD4AA2): 10
LogDevObjectVersion:   Dev-Build (E1C64328-A22C-4D53-A36C-8E866417BD8C): 0
LogDevObjectVersion:   Dev-Core (375EC13C-06E4-48FB-B500-84F0262A717E): 2
LogDevObjectVersion:   Dev-Editor (E4B068ED-F494-42E9-A231-DA0B2E46BB41): 24
LogDevObjectVersion:   Dev-Framework (CFFC743F-43B0-4480-9391-14DF171D2073): 34
LogDevObjectVersion:   Dev-Mobile (B02B49B5-BB20-44E9-A304-32B752E40360): 2
LogDevObjectVersion:   Dev-Networking (A4E4105C-59A1-49B5-A7C5-40C4547EDFEE): 0
LogDevObjectVersion:   Dev-Online (39C831C9-5AE6-47DC-9A44-9C173E1C8E7C): 0
LogDevObjectVersion:   Dev-Physics (78F01B33-EBEA-4F98-B9B4-84EACCB95AA2): 0
LogDevObjectVersion:   Dev-Platform (6631380F-2D4D-43E0-8009-CF276956A95A): 0
LogDevObjectVersion:   Dev-Rendering (12F88B9F-8875-4AFC-A67C-D90C383ABD29): 26
LogDevObjectVersion:   Dev-Sequencer (7B5AE74C-D270-4C10-A958-57980B212A5A): 9
LogDevObjectVersion:   Dev-VR (D7296918-1DD6-4BDD-9DE2-64A83CC13884): 2
LogDevObjectVersion:   Dev-LoadTimes (C2A15278-BFE7-4AFE-6C17-90FF531DF755): 1
LogDevObjectVersion:   Private-Geometry (6EACA3D4-40EC-4CC1-B786-8BED09428FC5): 3
LogDevObjectVersion:   Dev-AnimPhys (29E575DD-E0A3-4627-9D10-D276232CDCEA): 17
LogDevObjectVersion:   Dev-ReflectionCapture (6B266CEC-1EC7-4B8F-A30B-E4D90942FC07): 1
LogDevObjectVersion:   Dev-Automation (0DF73D61-A23F-47EA-B727-89E90C41499A): 1
LogDevObjectVersion:   FortniteMain (601D1886-AC64-4F84-AA16-D3DE0DEAC7D6): 12
LogDevObjectVersion:   Dev-Enterprise (9DFFBCD6-494F-0158-E221-12823C92A888): 1
LogStreaming: Display: Took  0.000s to delete old logs.
LogInit: Presizing for max 8388607 objects, including 0 objects not considered by GC, pre-allocating 0 bytes for permanent pool.
LogInit: Object subsystem initialized
[2018.10.12-16.13.54:069][  0]LogInit: Selected Device Profile: [Windows]
[2018.10.12-16.13.54:069][  0]LogInit: Applying CVar settings loaded from the selected device profile: [Windows]
[2018.10.12-16.13.54:069][  0]LogHAL: Display: Platform has ~ 8 GB [8485916672 / 8589934592 / 8], which maps to Default [LargestMinGB=32, LargerMinGB=12, DefaultMinGB=8, SmallerMinGB=6, SmallestMinGB=0)
[2018.10.12-16.13.54:069][  0]LogInit: Setting Device Profile CVar: [[r.Vulkan.UseRealUBs:1]]
[2018.10.12-16.13.54:069][  0]LogInit: Going up to parent DeviceProfile []
[2018.10.12-16.13.54:082][  0]LogInit: Computer: CLSYSTEM01
[2018.10.12-16.13.54:082][  0]LogInit: User: User
[2018.10.12-16.13.54:082][  0]LogInit: CPU Page size=4096, Cores=4
[2018.10.12-16.13.54:082][  0]LogInit: High frequency timer resolution =3.328132 MHz
[2018.10.12-16.13.54:082][  0]LogMemory: Memory total: Physical=7.9GB (8GB approx)
[2018.10.12-16.13.54:082][  0]LogMemory: Platform Memory Stats for Windows
[2018.10.12-16.13.54:082][  0]LogMemory: Process Physical Memory: 99.55 MB used, 99.55 MB peak
[2018.10.12-16.13.54:082][  0]LogMemory: Process Virtual Memory: 90.80 MB used, 90.80 MB peak
[2018.10.12-16.13.54:082][  0]LogMemory: Physical Memory: 3815.74 MB used,  4277.06 MB free, 8092.80 MB total
[2018.10.12-16.13.54:082][  0]LogMemory: Virtual Memory: 510.60 MB used,  4277.06 MB free, 134217728.00 MB total
[2018.10.12-16.13.54:176][  0]LogInit: Using OS detected language (en-US).
[2018.10.12-16.13.54:176][  0]LogInit: Using OS detected locale (en-US).
[2018.10.12-16.13.54:180][  0]LogTextLocalizationManager: No specific localization for 'en-US' exists, so the 'en' localization will be used.
[2018.10.12-16.13.54:571][  0]LogStreaming: Display: Took  0.393s to InitEngineTextLocalization.
[2018.10.12-16.13.54:572][  0]LogInit: Setting process to per monitor DPI aware
[2018.10.12-16.13.54:618][  0]LogSlate: New Slate User Created.  User Index 0, Is Virtual User: 0
[2018.10.12-16.13.54:619][  0]LogSlate: Slate User Registered.  User Index 0, Is Virtual User: 0
[2018.10.12-16.13.54:934][  0]LogHMD: Failed to initialize OpenVR with code 110
[2018.10.12-16.13.54:934][  0]LogD3D11RHI: D3D11 adapters:
[2018.10.12-16.13.54:951][  0]LogD3D11RHI:    0. 'AMD FirePro W4100' (Feature Level 11_0)
[2018.10.12-16.13.54:951][  0]LogD3D11RHI:       2029/0/4046 MB DedicatedVideo/DedicatedSystem/SharedSystem, Outputs:1, VendorId:0x1002
[2018.10.12-16.13.54:952][  0]LogD3D11RHI:    1. 'Microsoft Basic Render Driver' (Feature Level 11_0)
[2018.10.12-16.13.54:952][  0]LogD3D11RHI:       0/0/4046 MB DedicatedVideo/DedicatedSystem/SharedSystem, Outputs:0, VendorId:0x1414
[2018.10.12-16.13.54:952][  0]LogD3D11RHI: Chosen D3D11 Adapter: 0
[2018.10.12-16.13.54:959][  0]LogD3D11RHI: Creating new Direct3DDevice
[2018.10.12-16.13.54:959][  0]LogD3D11RHI:     GPU DeviceId: 0x682c (for the marketing name, search the web for "GPU Device Id")
[2018.10.12-16.13.54:960][  0]LogWindows: EnumDisplayDevices:
[2018.10.12-16.13.54:960][  0]LogWindows:    0. 'AMD FirePro W4100' (P:1 D:1)
[2018.10.12-16.13.54:960][  0]LogWindows:    1. 'AMD FirePro W4100' (P:0 D:0)
[2018.10.12-16.13.54:960][  0]LogWindows:    2. 'AMD FirePro W4100' (P:0 D:0)
[2018.10.12-16.13.54:961][  0]LogWindows:    3. 'AMD FirePro W4100' (P:0 D:0)
[2018.10.12-16.13.54:961][  0]LogWindows:    4. 'AMD FirePro W4100' (P:0 D:0)
[2018.10.12-16.13.54:961][  0]LogWindows:    5. 'AMD FirePro W4100' (P:0 D:0)
[2018.10.12-16.13.54:961][  0]LogWindows:    6. 'LogMeIn Mirror Driver' (P:0 D:0)
[2018.10.12-16.13.54:961][  0]LogWindows: DebugString: GetVideoDriverDetailsInvalid PrimaryIsNotTheChoosenAdapter FoundDriverCount:6 
[2018.10.12-16.13.54:961][  0]LogD3D11RHI:     Adapter Name: AMD FirePro W4100
[2018.10.12-16.13.54:961][  0]LogD3D11RHI:   Driver Version: Crimson ReLive 17.1.1 (internal:21.19.384.3, unified:21.19.384.3)
[2018.10.12-16.13.54:961][  0]LogD3D11RHI:      Driver Date: 1-11-2017
[2018.10.12-16.13.54:962][  0]LogRHI: Texture pool is 1420 MB (70% of 2029 MB)
[2018.10.12-16.13.55:022][  0]LogD3D11RHI: Async texture creation enabled
[2018.10.12-16.13.55:042][  0]LogD3D11RHI: GPU Timing Frequency: 27.000000 (Debug: 2 1)
[2018.10.12-16.13.55:045][  0]LogShaderCompilers: Guid format shader working directory is 4 characters bigger than the processId version (../../../../../../tpsgame/TpsGame/TpsGame/Intermediate/Shaders/WorkingDirectory/5644/).
[2018.10.12-16.13.55:045][  0]LogShaderCompilers: Cleaned the shader compiler working directory 'C:/Users/User/AppData/Local/Temp/UnrealShaderWorkingDir/45A0DBDB4523448FBE4FCAADEDD2FA31/'.
[2018.10.12-16.13.55:570][  0]LogTemp: Display: Loaded TP AllDesktopTargetPlatform
[2018.10.12-16.13.55:582][  0]LogTemp: Display: Loaded TP MacClientTargetPlatform
[2018.10.12-16.13.55:594][  0]LogTemp: Display: Loaded TP MacNoEditorTargetPlatform
[2018.10.12-16.13.55:606][  0]LogTemp: Display: Loaded TP MacServerTargetPlatform
[2018.10.12-16.13.55:620][  0]LogTemp: Display: Loaded TP MacTargetPlatform
[2018.10.12-16.13.55:635][  0]LogTemp: Display: Loaded TP WindowsClientTargetPlatform
[2018.10.12-16.13.55:648][  0]LogTemp: Display: Loaded TP WindowsNoEditorTargetPlatform
[2018.10.12-16.13.55:661][  0]LogTemp: Display: Loaded TP WindowsServerTargetPlatform
[2018.10.12-16.13.55:668][  0]LogTemp: Display: Loaded TP WindowsTargetPlatform
[2018.10.12-16.13.55:733][  0]LogTemp: Display: Loaded TP AndroidTargetPlatform
[2018.10.12-16.13.55:733][  0]LogTemp: Display: Loaded TP AndroidTargetPlatform
[2018.10.12-16.13.55:733][  0]LogTemp: Display: Loaded TP AndroidTargetPlatform
[2018.10.12-16.13.55:733][  0]LogTemp: Display: Loaded TP AndroidTargetPlatform
[2018.10.12-16.13.55:733][  0]LogTemp: Display: Loaded TP AndroidTargetPlatform
[2018.10.12-16.13.55:733][  0]LogTemp: Display: Loaded TP AndroidTargetPlatform
[2018.10.12-16.13.55:733][  0]LogTemp: Display: Loaded TP AndroidTargetPlatform
[2018.10.12-16.13.55:733][  0]LogTemp: Display: Loaded TP AndroidTargetPlatform
[2018.10.12-16.13.55:733][  0]LogTemp: Display: Loaded TP AndroidTargetPlatform
[2018.10.12-16.13.55:733][  0]LogTemp: Display: Loaded TP AndroidTargetPlatform
[2018.10.12-16.13.55:733][  0]LogTemp: Display: Loaded TP AndroidTargetPlatform
[2018.10.12-16.13.55:733][  0]LogTemp: Display: Loaded TP AndroidTargetPlatform
[2018.10.12-16.13.55:733][  0]LogTemp: Display: Loaded TP AndroidTargetPlatform
[2018.10.12-16.13.55:733][  0]LogTemp: Display: Loaded TP AndroidTargetPlatform
[2018.10.12-16.13.55:733][  0]LogTemp: Display: Loaded TP AndroidTargetPlatform
[2018.10.12-16.13.55:733][  0]LogTemp: Display: Loaded TP AndroidTargetPlatform
[2018.10.12-16.13.55:733][  0]LogTemp: Display: Loaded TP AndroidTargetPlatform
[2018.10.12-16.13.55:733][  0]LogTemp: Display: Loaded TP AndroidTargetPlatform
[2018.10.12-16.13.55:738][  0]LogTemp: Display: Loaded TP HTML5TargetPlatform
[2018.10.12-16.13.55:801][  0]LogTemp: Display: Loaded TP IOSTargetPlatform
[2018.10.12-16.13.55:801][  0]LogTemp: Display: Loaded TP IOSTargetPlatform
[2018.10.12-16.13.55:821][  0]LogTemp: Display: Loaded TP TVOSTargetPlatform
[2018.10.12-16.13.55:821][  0]LogTemp: Display: Loaded TP TVOSTargetPlatform
[2018.10.12-16.13.55:834][  0]LogTemp: Display: Loaded TP LinuxClientTargetPlatform
[2018.10.12-16.13.55:846][  0]LogTemp: Display: Loaded TP LinuxNoEditorTargetPlatform
[2018.10.12-16.13.55:858][  0]LogTemp: Display: Loaded TP LinuxServerTargetPlatform
[2018.10.12-16.13.55:873][  0]LogTemp: Display: Loaded TP LinuxTargetPlatform
[2018.10.12-16.13.55:883][  0]LogTemp: Display: Loaded TP LuminTargetPlatform
[2018.10.12-16.13.55:883][  0]LogTargetPlatformManager: Display: Building Assets For Windows
[2018.10.12-16.13.56:002][  0]LogXGEController: Cleaning working directory: C:/Users/User/AppData/Local/Temp/UnrealXGEWorkingDir/
[2018.10.12-16.13.56:002][  0]LogXGEController: Cannot use XGE Controller as Incredibuild is not installed on this machine.
[2018.10.12-16.13.56:002][  0]LogShaderCompilers: Cannot use XGE Shader Compiler as Incredibuild is not installed on this machine.
[2018.10.12-16.13.56:002][  0]LogShaderCompilers: Display: Using Local Shader Compiler.
[2018.10.12-16.13.56:830][  0]LogDerivedDataCache: Display: Max Cache Size: 512 MB
[2018.10.12-16.13.56:830][  0]LogDerivedDataCache: Display: Starting with empty Boot cache
[2018.10.12-16.13.56:831][  0]LogDerivedDataCache: FDerivedDataBackendGraph:  Pak pak cache file ../../../../../../tpsgame/TpsGame/TpsGame/DerivedDataCache/DDC.ddp not found, will not use a pak cache.
[2018.10.12-16.13.56:831][  0]LogDerivedDataCache: Unable to find inner node Pak for hierarchical cache Hierarchy.
[2018.10.12-16.13.56:831][  0]LogDerivedDataCache: FDerivedDataBackendGraph:  CompressedPak pak cache file ../../../../../../tpsgame/TpsGame/TpsGame/DerivedDataCache/Compressed.ddp not found, will not use a pak cache.
[2018.10.12-16.13.56:831][  0]LogDerivedDataCache: Unable to find inner node CompressedPak for hierarchical cache Hierarchy.
[2018.10.12-16.13.56:847][  0]LogDerivedDataCache: Display: Pak cache opened for reading ../../../Engine/DerivedDataCache/Compressed.ddp.
[2018.10.12-16.13.56:860][  0]LogDerivedDataCache: Using Local data cache path C:/Users/User/AppData/Local/UnrealEngine/Common/DerivedDataCache: Writable
[2018.10.12-16.13.56:860][  0]LogDerivedDataCache: Shared data cache path not found in *engine.ini, will not use an Shared cache.
[2018.10.12-16.13.56:860][  0]LogDerivedDataCache: Unable to find inner node Shared for hierarchical cache Hierarchy.
[2018.10.12-16.13.56:913][  0]LogMaterial: Verifying Global Shaders for PCD3D_SM5
[2018.10.12-16.13.56:918][  0]LogSlate: Using FreeType 2.6.0
[2018.10.12-16.13.56:922][  0]LogSlate: SlateFontServices - WITH_FREETYPE: 1, WITH_HARFBUZZ: 1
[2018.10.12-16.13.57:065][  0]LogAssetRegistry: FAssetRegistry took 0.0285 seconds to start up
[2018.10.12-16.13.57:523][  0]LogInit: Selected Device Profile: [Windows]
[2018.10.12-16.13.57:829][  0]LogSimplygon: Simplygon DLL not present - disabling.
[2018.10.12-16.13.57:845][  0]LogMeshReduction: Using SimplygonSwarm for distributed automatic mesh merging
[2018.10.12-16.13.57:845][  0]LogMeshReduction: Using ProxyLODMeshReduction for automatic mesh merging
[2018.10.12-16.13.57:846][  0]LogMeshReduction: Using QuadricMeshReduction for automatic static mesh reduction
[2018.10.12-16.13.57:846][  0]LogMeshReduction: No automatic skeletal mesh reduction module available
[2018.10.12-16.13.57:906][  0]LogNetVersion: TpsGame 1.0.0, NetCL: 4212847, EngineNetVer: 5, GameNetVer: 0 (Checksum: 1934497954)
[2018.10.12-16.13.59:035][  0]LogPackageLocalizationCache: Processed 11 localized package path(s) for 2 prioritized culture(s) in 0.058785 seconds
[2018.10.12-16.13.59:042][  0]LogUObjectArray: 38447 objects as part of root set at end of initial load.
[2018.10.12-16.13.59:042][  0]LogUObjectAllocator: 6692632 out of 0 bytes used by permanent object pool.
[2018.10.12-16.13.59:042][  0]LogUObjectArray: CloseDisregardForGC: 0/0 objects in disregard for GC pool
[2018.10.12-16.14.00:786][  0]LogTcpMessaging: Initializing TcpMessaging bridge
[2018.10.12-16.14.00:802][  0]LogUdpMessaging: Initializing bridge on interface 0.0.0.0:0 to multicast group 230.0.0.1:6666.
[2018.10.12-16.14.01:258][  0]SourceControl: Source control is disabled
[2018.10.12-16.14.01:259][  0]SourceControl: Source control is disabled
[2018.10.12-16.14.01:271][  0]SourceControl: Source control is disabled
[2018.10.12-16.14.01:275][  0]SourceControl: Source control is disabled
[2018.10.12-16.14.01:559][  0]LogAndroidPermission: UAndroidPermissionCallbackProxy::GetInstance
[2018.10.12-16.14.01:611][  0]LogOcInput: OculusInput pre-init called
[2018.10.12-16.14.01:730][  0]LogEngine: Initializing Engine...
[2018.10.12-16.14.01:734][  0]LogHMD: Failed to initialize OpenVR with code 110
[2018.10.12-16.14.01:738][  0]LogStats: UGameplayTagsManager::ConstructGameplayTagTree: ImportINI prefixes -  0.001 s
[2018.10.12-16.14.01:738][  0]LogStats: UGameplayTagsManager::ConstructGameplayTagTree: Construct from data asset -  0.000 s
[2018.10.12-16.14.01:739][  0]LogStats: UGameplayTagsManager::ConstructGameplayTagTree: ImportINI -  0.000 s
[2018.10.12-16.14.01:739][  0]LogStats: UGameplayTagsManager::ConstructGameplayTagTree: GameplayTagTreeChangedEvent.Broadcast -  0.000 s
[2018.10.12-16.14.02:232][  0]LogInit: Initializing FReadOnlyCVARCache
[2018.10.12-16.14.02:290][  0]LogAIModule: Creating AISystem for world Untitled
[2018.10.12-16.14.02:317][  0]LogInit: XAudio2 using 'Speakers / Headphones (Realtek Audio)' : 2 channels at 48 kHz using 32 bits per sample (channel mask 0x3)
[2018.10.12-16.14.02:739][  0]LogInit: FAudioDevice initialized.
[2018.10.12-16.14.02:739][  0]LogNetVersion: Set ProjectVersion to 1.0.0.0. Version Checksum will be recalculated on next use.
[2018.10.12-16.14.02:808][  0]LogDerivedDataCache: Saved boot cache 0.07s 87MB C:/Users/User/AppData/Local/UnrealEngine/4.20/DerivedDataCache/Boot.ddc.
[2018.10.12-16.14.02:816][  0]LogInit: Texture streaming: Enabled
[2018.10.12-16.14.02:845][  0]LogEngineSessionManager: EngineSessionManager initialized
[2018.10.12-16.14.02:868][  0]LogWindowsTextInputMethodSystem: Display: IME system now deactivated.
[2018.10.12-16.14.02:919][  0]LogInit: Transaction tracking system initialized
[2018.10.12-16.14.03:058][  0]BlueprintLog: New page: Editor Load
[2018.10.12-16.14.03:267][  0]LocalizationService: Localization service is disabled
[2018.10.12-16.14.03:642][  0]LogCook: Display: Max memory allowance for cook 16384mb min free memory 0mb
[2018.10.12-16.14.03:642][  0]LogCook: Display: Mobile HDR setting 1
[2018.10.12-16.14.03:643][  0]LogFileCache: Scanning file cache for directory 'C:/tpsgame/TpsGame/TpsGame/Content/' took 0.01s
[2018.10.12-16.14.03:643][  0]LogGameplayTags: Display: UGameplayTagsManager::DoneAddingNativeTags. DelegateIsBound: 0
[2018.10.12-16.14.03:643][  0]LogStats: UGameplayTagsManager::ConstructGameplayTagTree: ImportINI prefixes -  0.000 s
[2018.10.12-16.14.03:643][  0]LogStats: UGameplayTagsManager::ConstructGameplayTagTree: Construct from data asset -  0.000 s
[2018.10.12-16.14.03:644][  0]LogStats: UGameplayTagsManager::ConstructGameplayTagTree: ImportINI -  0.000 s
[2018.10.12-16.14.03:644][  0]LogStats: UGameplayTagsManager::ConstructGameplayTagTree: GameplayTagTreeChangedEvent.Broadcast -  0.000 s
[2018.10.12-16.14.03:893][  0]SourceControl: Source control is disabled
[2018.10.12-16.14.03:987][  0]LogSlate: Took 0.001264 seconds to synchronously load lazily loaded font '../../../Engine/Content/Slate/Fonts/Roboto-Regular.ttf' (155K)
[2018.10.12-16.14.08:521][  0]LogSlate: Window 'Restore Packages' being destroyed
[2018.10.12-16.14.08:523][  0]LogWindowsTextInputMethodSystem: Display: IME system now deactivated.
[2018.10.12-16.14.08:537][  0]LogWindowsTextInputMethodSystem: Display: IME system now deactivated.
[2018.10.12-16.14.08:539][  0]Cmd: MAP LOAD FILE="../../../../../../tpsgame/TpsGame/TpsGame/Content/ThirdPersonBP/Maps/ThirdPersonExampleMap.umap" TEMPLATE=0 SHOWPROGRESS=1 FEATURELEVEL=3
[2018.10.12-16.14.08:542][  0]LightingResults: New page: Lighting Build
[2018.10.12-16.14.08:563][  0]MapCheck: New page: Map Check
[2018.10.12-16.14.08:564][  0]LightingResults: New page: Lighting Build
[2018.10.12-16.14.08:859][  0]LogBlueprint: Warning: [Compiler MyBP] Idle to jumpstart  will never be taken, please connect something to  Can Enter Transition
[2018.10.12-16.14.08:859][  0]LogBlueprint: Warning: [Compiler MyBP] jumpstart to JumpFalling  will never be taken, please connect something to  Can Enter Transition
[2018.10.12-16.14.08:860][  0]LogBlueprint: Warning: [Compiler MyBP] JumpFalling to Idle  will never be taken, please connect something to  Can Enter Transition
[2018.10.12-16.14.08:890][  0]LogBlueprint: Warning: [Compiler MyBP] [0018.63] Compile of MyBP successful, but with 3 Warning(s) [in 68 ms] (/Game/Character1/MyBP.MyBP)
[2018.10.12-16.14.09:206][  0]LogSkeletalMesh: Building Skeletal Mesh Idle...
[2018.10.12-16.14.09:397][  0]LogTexture: Display: Building textures: void_specular (AutoDXT, 1024X1024)
[2018.10.12-16.14.09:397][  0]LogTexture: Display: Building textures: parasiteZombie_specular (AutoDXT, 2048X2048)
[2018.10.12-16.14.09:397][  0]LogSkeletalMesh: Built Skeletal Mesh [0.19s] /Game/Character1/Idle.Idle
[2018.10.12-16.14.12:297][  0]LogTexture: Display: Building textures: parasiteZombie_normal (BC5, 2048X2048)
[2018.10.12-16.14.12:297][  0]LogTexture: Display: Building textures: void_diffuse (AutoDXT, 2048X2048)
[2018.10.12-16.14.12:297][  0]LogTexture: Display: Building textures: parasiteZombie_diffuse (AutoDXT, 2048X2048)
[2018.10.12-16.14.12:297][  0]LogTexture: Display: Building textures: void_normal (BC5, 1024X1024)
[2018.10.12-16.14.12:297][  0]LogMaterial: Display: Missing cached shader map for material default1, compiling. 
[2018.10.12-16.14.12:528][  0]LogShaderCompilers: Display: Shaders left to compile 60
[2018.10.12-16.14.12:528][  0]LogShaderCompilers: Display: Shaders left to compile 50
[2018.10.12-16.14.12:528][  0]LogShaderCompilers: Display: Shaders left to compile 40
[2018.10.12-16.14.12:528][  0]LogShaderCompilers: Display: Shaders left to compile 30
[2018.10.12-16.14.12:528][  0]LogShaderCompilers: Display: Shaders left to compile 20
[2018.10.12-16.14.12:528][  0]LogAnimationCompression: Building Anim DDC data for AnimSequence /Game/Character1/Rifle_Run.Rifle_Run
[2018.10.12-16.14.12:528][  0]LogAnimationCompression: Recompressing (AnimSequence /Game/Character1/Rifle_Run.Rifle_Run) using current/default (AnimCompress_BitwiseCompressOnly_0) bFirstRecompressUsingCurrentOrDefault(1) bTryAlternateCompressor(0) IsCompressedDataValid(0)
[2018.10.12-16.14.12:534][  0]LogAnimationCompression: Building Anim DDC data for AnimSequence /Game/Character1/Idle_Anim_mixamo_com.Idle_Anim_mixamo_com
[2018.10.12-16.14.12:534][  0]LogAnimationCompression: Recompressing (AnimSequence /Game/Character1/Idle_Anim_mixamo_com.Idle_Anim_mixamo_com) using current/default (AnimCompress_BitwiseCompressOnly_0) bFirstRecompressUsingCurrentOrDefault(1) bTryAlternateCompressor(0) IsCompressedDataValid(0)
[2018.10.12-16.14.12:535][  0]LogAnimationCompression: Building Anim DDC data for AnimSequence /Game/MyAI/Idle__1__Anim_mixamo_com.Idle__1__Anim_mixamo_com
[2018.10.12-16.14.12:536][  0]LogAnimationCompression: Recompressing (AnimSequence /Game/MyAI/Idle__1__Anim_mixamo_com.Idle__1__Anim_mixamo_com) using current/default (AnimCompress_BitwiseCompressOnly_0) bFirstRecompressUsingCurrentOrDefault(1) bTryAlternateCompressor(0) IsCompressedDataValid(0)
[2018.10.12-16.14.12:537][  0]LogAnimationCompression: Building Anim DDC data for AnimSequence /Game/MyAI/Zombie_Running.Zombie_Running
[2018.10.12-16.14.12:537][  0]LogAnimationCompression: Recompressing (AnimSequence /Game/MyAI/Zombie_Running.Zombie_Running) using current/default (AnimCompress_BitwiseCompressOnly_0) bFirstRecompressUsingCurrentOrDefault(1) bTryAlternateCompressor(0) IsCompressedDataValid(0)
[2018.10.12-16.14.12:538][  0]LogAnimationCompression: Building Anim DDC data for AnimSequence /Game/MyAI/Dying.Dying
[2018.10.12-16.14.12:538][  0]LogAnimationCompression: Recompressing (AnimSequence /Game/MyAI/Dying.Dying) using current/default (AnimCompress_BitwiseCompressOnly_0) bFirstRecompressUsingCurrentOrDefault(1) bTryAlternateCompressor(0) IsCompressedDataValid(0)
[2018.10.12-16.14.12:931][  0]LogMaterial: Display: Missing cached shader map for material parasitezombie_Material, compiling. 
[2018.10.12-16.14.12:974][  0]LogSkeletalMesh: Building Skeletal Mesh Idle__1_...
[2018.10.12-16.14.12:994][  0]LogSkeletalMesh: Built Skeletal Mesh [0.02s] /Game/MyAI/Idle__1_.Idle__1_
[2018.10.12-16.14.13:066][  0]LogAIModule: Creating AISystem for world ThirdPersonExampleMap
[2018.10.12-16.14.13:126][  0]LogEditorServer: Finished looking for orphan Actors (0.000 secs)
[2018.10.12-16.14.13:164][  0]Cmd: MAP CHECKDEP NOCLEARLOG
[2018.10.12-16.14.13:244][  0]MapCheck: Map check complete: 0 Error(s), 0 Warning(s), took 79.836ms to complete.
[2018.10.12-16.14.13:244][  0]LogFileHelpers: Loading map 'ThirdPersonExampleMap' took 4.706
[2018.10.12-16.14.13:382][  0]LogSlate: Updating window title bar state: overlay mode, drag disabled, window buttons hidden, title bar hidden
[2018.10.12-16.14.13:395][  0]LogSlate: Updating window title bar state: overlay mode, drag disabled, window buttons hidden, title bar hidden
[2018.10.12-16.14.13:407][  0]LogSlate: Updating window title bar state: overlay mode, drag disabled, window buttons hidden, title bar hidden
[2018.10.12-16.14.13:417][  0]LogSlate: Updating window title bar state: overlay mode, drag disabled, window buttons hidden, title bar hidden
[2018.10.12-16.14.13:434][  0]LogCollectionManager: Loaded 0 collections in 0.001801 seconds
[2018.10.12-16.14.13:507][  0]LogFileCache: Scanning file cache for directory 'C:/tpsgame/TpsGame/TpsGame/Saved/Collections/' took 0.01s
[2018.10.12-16.14.13:507][  0]LogFileCache: Scanning file cache for directory 'C:/tpsgame/TpsGame/TpsGame/Content/Developers/User/Collections/' took 0.01s
[2018.10.12-16.14.13:507][  0]LogFileCache: Scanning file cache for directory 'C:/tpsgame/TpsGame/TpsGame/Content/Collections/' took 0.01s
[2018.10.12-16.14.13:507][  0]LogCollectionManager: Rebuilt the GUID cache for 0 collections in 0.000001 seconds
[2018.10.12-16.14.13:526][  0]LogContentBrowser: Native class hierarchy populated in 0.0167 seconds. Added 2572 classes and 603 folders.
[2018.10.12-16.14.13:548][  0]LogContentBrowser: Native class hierarchy updated for 'WidgetCarousel' in 0.0003 seconds. Added 0 classes and 0 folders.
[2018.10.12-16.14.13:720][  0]LogContentBrowser: Native class hierarchy updated for 'AddContentDialog' in 0.0004 seconds. Added 0 classes and 0 folders.
[2018.10.12-16.14.13:735][  0]LogContentBrowser: Native class hierarchy updated for 'SceneOutliner' in 0.0004 seconds. Added 1 classes and 2 folders.
[2018.10.12-16.14.13:805][  0]LogSlate: Took 0.001274 seconds to synchronously load lazily loaded font '../../../Engine/Content/Slate/Fonts/Roboto-Bold.ttf' (160K)
[2018.10.12-16.14.13:815][  0]LogSlate: Took 0.001065 seconds to synchronously load lazily loaded font '../../../Engine/Content/Editor/Slate/Fonts/FontAwesome.ttf' (139K)
[2018.10.12-16.14.13:906][  0]LogRenderer: Reallocating scene render targets to support 1208x576 Format 10 NumSamples 1 (Frame:1).
[2018.10.12-16.14.14:432][  0]LogSlate: FSceneViewport::OnFocusLost() reason 2
[2018.10.12-16.14.14:464][  0]LogSlate: Window 'Tutorials' being destroyed
[2018.10.12-16.14.14:505][  0]LogContentBrowser: Native class hierarchy updated for 'HierarchicalLODOutliner' in 0.0004 seconds. Added 0 classes and 0 folders.
[2018.10.12-16.14.14:505][  0]LogLoad: (Engine Initialization) Total time: 24.25 seconds
[2018.10.12-16.14.14:505][  0]LogLoad: (Engine Initialization) Total Blueprint compile time: 0.00 seconds
[2018.10.12-16.14.14:552][  0]LogContentStreaming: Texture pool size now 3000 MB
[2018.10.12-16.14.14:586][  0]LogSlate: Took 0.001390 seconds to synchronously load lazily loaded font '../../../Engine/Content/Slate/Fonts/Roboto-Light.ttf' (167K)
[2018.10.12-16.14.14:650][  2]LogAssetRegistry: Asset discovery search completed in 17.6088 seconds
[2018.10.12-16.14.14:653][  2]LogCollectionManager: Rebuilt the object cache for 0 collections in 0.000001 seconds (found 0 objects)
[2018.10.12-16.14.14:653][  2]LogCollectionManager: Fixed up redirectors for 0 collections in 0.000098 seconds (updated 0 objects)
[2018.10.12-16.14.15:401][ 47]LogShaderCompilers: Display: Shaders left to compile 70
[2018.10.12-16.14.15:555][ 54]LogSlate: Took 0.000168 seconds to synchronously load lazily loaded font '../../../Engine/Content/Slate/Fonts/Roboto-Light.ttf' (167K)
[2018.10.12-16.14.15:857][ 69]LogShaderCompilers: Display: Shaders left to compile 60
[2018.10.12-16.14.16:672][108]LogShaderCompilers: Display: Shaders left to compile 50
[2018.10.12-16.14.16:876][118]LogShaderCompilers: Display: Shaders left to compile 40
[2018.10.12-16.14.17:729][161]LogShaderCompilers: Display: Shaders left to compile 30
[2018.10.12-16.14.18:476][198]LogShaderCompilers: Display: Shaders left to compile 20
[2018.10.12-16.14.19:169][232]LogShaderCompilers: Display: Shaders left to compile 10
[2018.10.12-16.14.19:352][241]LogSlate: FSceneViewport::OnFocusLost() reason 0
[2018.10.12-16.15.09:055][752]LogEditorViewport: Clicking on Actor (LMB): StaticMeshActor (Wall10)
[2018.10.12-16.15.09:925][779]LogEditorViewport: Clicking on Actor (context menu): StaticMeshActor (Wall10)
[2018.10.12-16.15.09:972][779]LogSlate: FSceneViewport::OnFocusLost() reason 2
[2018.10.12-16.15.10:784][871]LogEditorViewport: Clicking on Actor (LMB): StaticMeshActor (Floor)
[2018.10.12-16.15.11:675][907]LogEditorViewport: Clicking on Actor (context menu): StaticMeshActor (Floor)
[2018.10.12-16.15.11:740][907]LogSlate: FSceneViewport::OnFocusLost() reason 2
[2018.10.12-16.15.14:167][145]LogEditorViewport: Clicking on Actor (LMB): StaticMeshActor (Floor)
[2018.10.12-16.15.15:091][185]LogEditorViewport: Clicking on Actor (context menu): StaticMeshActor (Wall9)
[2018.10.12-16.15.15:203][185]LogSlate: FSceneViewport::OnFocusLost() reason 2
[2018.10.12-16.15.16:559][322]LogEditorViewport: Clicking on Actor (LMB): StaticMeshActor (Wall10)
[2018.10.12-16.15.22:476][591]LogSlate: FSceneViewport::OnFocusLost() reason 0
[2018.10.12-16.15.35:260][167]LogEditorViewport: Clicking on Actor (context menu): StaticMeshActor (Wall9)
[2018.10.12-16.15.35:343][167]LogSlate: FSceneViewport::OnFocusLost() reason 2
[2018.10.12-16.15.35:990][236]LogEditorViewport: Clicking on Actor (LMB): NavMeshBoundsVolume (NavMeshBoundsVolume)
[2018.10.12-16.15.36:512][258]LogSlate: FSceneViewport::OnFocusLost() reason 0
[2018.10.12-16.15.41:933][496]LogEditorViewport: Clicking on Actor (LMB): NavMeshBoundsVolume (NavMeshBoundsVolume)
